/*C5*/SET SCHEMA PUBLIC
DISCONNECT
/*C6*/SET SCHEMA PUBLIC
DISCONNECT
/*C18*/SET SCHEMA PUBLIC
alter table FIX_SESSION drop constraint FK84AC002C4A74E848
drop table FIX_SERVER if exists
drop table FIX_SESSION if exists
create table FIX_SERVER (FIX_SERVER_UID integer generated by default as identity (start with 1), NAME varchar(255), primary key (FIX_SERVER_UID))
create table FIX_SESSION (FIX_SESSION_UID integer generated by default as identity (start with 1), BEGIN_STRING varchar(255), CONNECTION_TYPE varchar(255), HOST varchar(255), PORT integer, SENDER_COMP_ID varchar(255), TARGET_COMP_ID varchar(255), FIX_SERVER_UID integer not null, primary key (FIX_SESSION_UID))
alter table FIX_SESSION add constraint FK84AC002C4A74E848 foreign key (FIX_SERVER_UID) references FIX_SERVER
INSERT INTO FIX_SERVER VALUES(1,'FIXSERVER1')
COMMIT
INSERT INTO FIX_SESSION VALUES(1,'FIX.4.4','ACCEPTOR','LOCALHOST',10001,'SHARPROUTE','CLIENT1',1)
COMMIT
INSERT INTO FIX_SESSION VALUES(2,'FIX.4.4','ACCEPTOR','LOCALHOST',10002,'SHARPROUTE','CLIENT2',1)
COMMIT
INSERT INTO FIX_SESSION VALUES(3,'FIX.4.4','ACCEPTOR','LOCALHOST',10003,'SHARPROUTE','CLIENT3',1)
COMMIT
/*C27*/SET SCHEMA PUBLIC
DISCONNECT
/*C22*/SET SCHEMA PUBLIC
DISCONNECT
/*C28*/SET SCHEMA PUBLIC
DISCONNECT
/*C29*/SET SCHEMA PUBLIC
DISCONNECT
/*C30*/SET SCHEMA PUBLIC
DISCONNECT
/*C31*/SET SCHEMA PUBLIC
DISCONNECT
/*C32*/SET SCHEMA PUBLIC
DISCONNECT
/*C33*/SET SCHEMA PUBLIC
DISCONNECT
/*C34*/SET SCHEMA PUBLIC
DISCONNECT
/*C35*/SET SCHEMA PUBLIC
DISCONNECT
/*C36*/SET SCHEMA PUBLIC
DISCONNECT
/*C8*/SET SCHEMA PUBLIC
DISCONNECT
/*C23*/SET SCHEMA PUBLIC
DISCONNECT
/*C9*/SET SCHEMA PUBLIC
DISCONNECT
/*C24*/SET SCHEMA PUBLIC
DISCONNECT
/*C10*/SET SCHEMA PUBLIC
DISCONNECT
/*C25*/SET SCHEMA PUBLIC
DISCONNECT
/*C11*/SET SCHEMA PUBLIC
DISCONNECT
/*C26*/SET SCHEMA PUBLIC
DISCONNECT
/*C12*/SET SCHEMA PUBLIC
DISCONNECT
/*C17*/SET SCHEMA PUBLIC
DISCONNECT
/*C13*/SET SCHEMA PUBLIC
DISCONNECT
/*C18*/DISCONNECT
/*C14*/SET SCHEMA PUBLIC
DISCONNECT
/*C19*/SET SCHEMA PUBLIC
DISCONNECT
/*C15*/SET SCHEMA PUBLIC
DISCONNECT
/*C20*/SET SCHEMA PUBLIC
DISCONNECT
/*C16*/SET SCHEMA PUBLIC
DISCONNECT
/*C21*/SET SCHEMA PUBLIC
DISCONNECT
/*C7*/SET SCHEMA PUBLIC
DISCONNECT
